[+] Containers:
 |- [+] Container: /Game/FirstPerson/Maps/FirstPersonMap
 |   |- [+] ActorDescs:
 |   |   |- Guid:00A150A248902DEAF31730B42A10C94B BaseClass:/Game/waypoint.waypoint_C NativeClass:/Script/Engine.Actor Name:waypoint_C_UAID_004E01BD4229FAA302_1514457626 Label:waypoint SpatiallyLoaded:true EditorBounds:IsValid=true, Min=(X=2240.000 Y=1570.000 Z=40.000), Max=(X=2240.000 Y=1570.000 Z=40.000) RuntimeBounds:IsValid=true, Min=(X=2240.000 Y=1570.000 Z=40.000), Max=(X=2240.000 Y=1570.000 Z=40.000) RuntimeGrid:None EditorOnly:false RuntimeOnly:false HLODRelevant:false ListedInSceneOutliner:true IsMainWorldOnly:false
 |   |   |- Guid:0C5159D444C3AB87F2E02693572C0AEC BaseClass:/Game/waypoint.waypoint_C NativeClass:/Script/Engine.Actor Name:waypoint_C_UAID_004E01BD4229FAA302_1544715628 Label:waypoint3 SpatiallyLoaded:true EditorBounds:IsValid=true, Min=(X=1680.000 Y=1280.000 Z=40.000), Max=(X=1680.000 Y=1280.000 Z=40.000) RuntimeBounds:IsValid=true, Min=(X=1680.000 Y=1280.000 Z=40.000), Max=(X=1680.000 Y=1280.000 Z=40.000) RuntimeGrid:None EditorOnly:false RuntimeOnly:false HLODRelevant:false ListedInSceneOutliner:true IsMainWorldOnly:false
 |   |   |- Guid:0EDB289B45CB7E0977A6DBA74201EE76 NativeClass:/Script/Engine.StaticMeshActor Name:StaticMeshActor_10 Label:SM_Cube6 SpatiallyLoaded:true EditorBounds:IsValid=true, Min=(X=2900.000 Y=100.000 Z=0.000), Max=(X=3000.000 Y=3400.000 Z=400.000) RuntimeBounds:IsValid=true, Min=(X=2900.000 Y=100.000 Z=0.000), Max=(X=3000.000 Y=3400.000 Z=400.000) RuntimeGrid:None EditorOnly:false RuntimeOnly:false HLODRelevant:true ListedInSceneOutliner:true IsMainWorldOnly:false FolderPath:Playground FolderGuid:6C02BB504B69D1F3D7A624B130C18E5B
 |   |   |- Guid:21262252453B37957EF29F82ABA2413B NativeClass:/Script/Engine.TextRenderActor Name:TextRenderActor_1 Label:TextRenderActor SpatiallyLoaded:true EditorBounds:IsValid=true, Min=(X=-0.100 Y=1100.000 Z=65.013), Max=(X=-0.100 Y=2363.461 Z=215.013) RuntimeBounds:IsValid=true, Min=(X=-0.100 Y=1100.000 Z=65.013), Max=(X=-0.100 Y=2363.461 Z=215.013) RuntimeGrid:None EditorOnly:false RuntimeOnly:false HLODRelevant:false ListedInSceneOutliner:true IsMainWorldOnly:false
 |   |   |- Guid:348AFF3C4D04D70413824C97933C4113 BaseClass:/Game/waypoint.waypoint_C NativeClass:/Script/Engine.Actor Name:waypoint_C_UAID_004E01BD4229FAA302_1525519627 Label:waypoint2 SpatiallyLoaded:true EditorBounds:IsValid=true, Min=(X=1960.000 Y=1300.000 Z=30.000), Max=(X=1960.000 Y=1300.000 Z=30.000) RuntimeBounds:IsValid=true, Min=(X=1960.000 Y=1300.000 Z=30.000), Max=(X=1960.000 Y=1300.000 Z=30.000) RuntimeGrid:None EditorOnly:false RuntimeOnly:false HLODRelevant:false ListedInSceneOutliner:true IsMainWorldOnly:false
 |   |   |- Guid:449C192B4572F05BC348399C302FCC68 BaseClass:/Game/waypoint.waypoint_C NativeClass:/Script/Engine.Actor Name:waypoint_C_UAID_004E01BD4229FFA302_1895992511 Label:waypoint6 SpatiallyLoaded:true EditorBounds:IsValid=true, Min=(X=1030.000 Y=670.000 Z=30.000), Max=(X=1030.000 Y=670.000 Z=30.000) RuntimeBounds:IsValid=true, Min=(X=1030.000 Y=670.000 Z=30.000), Max=(X=1030.000 Y=670.000 Z=30.000) RuntimeGrid:None EditorOnly:false RuntimeOnly:false HLODRelevant:false ListedInSceneOutliner:true IsMainWorldOnly:false
 |   |   |- Guid:54C7624E4D7409E5BAB9EEBE1ABB7E10 NativeClass:/Script/Engine.StaticMeshActor Name:StaticMeshActor_UAID_004E01BD422900A402_1161455688 Label:SM_Cube9 SpatiallyLoaded:true EditorBounds:IsValid=true, Min=(X=2120.000 Y=100.000 Z=0.000), Max=(X=2220.000 Y=1200.000 Z=400.000) RuntimeBounds:IsValid=true, Min=(X=2120.000 Y=100.000 Z=0.000), Max=(X=2220.000 Y=1200.000 Z=400.000) RuntimeGrid:None EditorOnly:false RuntimeOnly:false HLODRelevant:true ListedInSceneOutliner:true IsMainWorldOnly:false FolderPath:Block04 FolderGuid:D00C3F324D055BED943FA6B0235C7FA2
 |   |   |- Guid:5FE7584649BB6F09265329A6C57CFD0D NativeClass:/Script/Engine.VolumetricCloud Name:VolumetricCloud_0 Label:VolumetricCloud SpatiallyLoaded:false EditorBounds:IsValid=true, Min=(X=0.000 Y=0.000 Z=820.000), Max=(X=0.000 Y=0.000 Z=820.000) RuntimeBounds:IsValid=true, Min=(X=0.000 Y=0.000 Z=820.000), Max=(X=0.000 Y=0.000 Z=820.000) RuntimeGrid:None EditorOnly:false RuntimeOnly:false HLODRelevant:false ListedInSceneOutliner:true IsMainWorldOnly:false FolderPath:Lighting FolderGuid:0BA5F0A04EADB18E70D5B180D08FA34B
 |   |   |- Guid:61391D344900612A77DFC3BA3E354907 NativeClass:/Script/Engine.ExponentialHeightFog Name:ExponentialHeightFog_0 Label:ExponentialHeightFog SpatiallyLoaded:false EditorBounds:IsValid=true, Min=(X=-5600.000 Y=-50.000 Z=-6850.000), Max=(X=-5600.000 Y=-50.000 Z=-6850.000) RuntimeBounds:IsValid=true, Min=(X=-5600.000 Y=-50.000 Z=-6850.000), Max=(X=-5600.000 Y=-50.000 Z=-6850.000) RuntimeGrid:None EditorOnly:false RuntimeOnly:false HLODRelevant:false ListedInSceneOutliner:true IsMainWorldOnly:false FolderPath:Lighting FolderGuid:0BA5F0A04EADB18E70D5B180D08FA34B
 |   |   |- Guid:67B58939413962B6E7134486783CB3D1 NativeClass:/Script/NavigationSystem.NavMeshBoundsVolume Name:NavMeshBoundsVolume_UAID_004E01BD4229FAA302_1142411624 Label:NavMeshBoundsVolume SpatiallyLoaded:false EditorBounds:IsValid=true, Min=(X=-80.000 Y=130.000 Z=-5.000), Max=(X=3120.000 Y=3330.000 Z=745.000) RuntimeBounds:IsValid=true, Min=(X=-80.000 Y=130.000 Z=-5.000), Max=(X=3120.000 Y=3330.000 Z=745.000) RuntimeGrid:None EditorOnly:false RuntimeOnly:false HLODRelevant:false ListedInSceneOutliner:true IsMainWorldOnly:false
 |   |   |- Guid:6FEFB3BD4EB37B849EF0D4AC80F83855 NativeClass:/Script/Engine.WorldDataLayers Name:WorldDataLayers Label:WorldDataLayers SpatiallyLoaded:false EditorBounds:IsValid=true, Min=(X=0.000 Y=0.000 Z=0.000), Max=(X=0.000 Y=0.000 Z=0.000) RuntimeBounds:IsValid=true, Min=(X=0.000 Y=0.000 Z=0.000), Max=(X=0.000 Y=0.000 Z=0.000) RuntimeGrid:None EditorOnly:false RuntimeOnly:false HLODRelevant:false ListedInSceneOutliner:true IsMainWorldOnly:true
 |   |   |- Guid:77D3C7AC46456187980AA881B705F80C BaseClass:/Game/waypoint.waypoint_C NativeClass:/Script/Engine.Actor Name:waypoint_C_UAID_004E01BD4229FAA302_1553330629 Label:waypoint4 SpatiallyLoaded:true EditorBounds:IsValid=true, Min=(X=1540.000 Y=970.000 Z=30.000), Max=(X=1540.000 Y=970.000 Z=30.000) RuntimeBounds:IsValid=true, Min=(X=1540.000 Y=970.000 Z=30.000), Max=(X=1540.000 Y=970.000 Z=30.000) RuntimeGrid:None EditorOnly:false RuntimeOnly:false HLODRelevant:false ListedInSceneOutliner:true IsMainWorldOnly:false
 |   |   |- Guid:78CAF7514C7533F30BD2F19A017AAB65 NativeClass:/Script/Engine.StaticMeshActor Name:StaticMeshActor_0 Label:SM_Cube SpatiallyLoaded:true EditorBounds:IsValid=true, Min=(X=0.000 Y=0.000 Z=-50.000), Max=(X=3000.000 Y=3500.000 Z=0.000) RuntimeBounds:IsValid=true, Min=(X=0.000 Y=0.000 Z=-50.000), Max=(X=3000.000 Y=3500.000 Z=0.000) RuntimeGrid:None EditorOnly:false RuntimeOnly:false HLODRelevant:true ListedInSceneOutliner:true IsMainWorldOnly:false FolderPath:Playground FolderGuid:6C02BB504B69D1F3D7A624B130C18E5B
 |   |   |- Guid:81A6660446858C2FE2EFF59E01B74244 NativeClass:/Script/Engine.StaticMeshActor Name:StaticMeshActor_UAID_004E01BD422900A402_1228300690 Label:SM_Cube11 SpatiallyLoaded:true EditorBounds:IsValid=true, Min=(X=980.000 Y=2310.000 Z=0.000), Max=(X=1080.000 Y=3410.000 Z=400.000) RuntimeBounds:IsValid=true, Min=(X=980.000 Y=2310.000 Z=0.000), Max=(X=1080.000 Y=3410.000 Z=400.000) RuntimeGrid:None EditorOnly:false RuntimeOnly:false HLODRelevant:true ListedInSceneOutliner:true IsMainWorldOnly:false FolderPath:Block04 FolderGuid:D00C3F324D055BED943FA6B0235C7FA2
 |   |   |- Guid:82636DFB499224D215E466A53C353A57 NativeClass:/Script/Engine.StaticMeshActor Name:StaticMeshActor_12 Label:SM_Cube8 SpatiallyLoaded:true EditorBounds:IsValid=true, Min=(X=100.000 Y=1670.000 Z=0.000), Max=(X=1200.000 Y=1770.000 Z=400.000) RuntimeBounds:IsValid=true, Min=(X=100.000 Y=1670.000 Z=0.000), Max=(X=1200.000 Y=1770.000 Z=400.000) RuntimeGrid:None EditorOnly:false RuntimeOnly:false HLODRelevant:true ListedInSceneOutliner:true IsMainWorldOnly:false FolderPath:Block04 FolderGuid:D00C3F324D055BED943FA6B0235C7FA2
 |   |   |- Guid:8559D1384B14F466E8927697A36C1D78 NativeClass:/Script/Engine.StaticMeshActor Name:StaticMeshActor_9 Label:SM_Cube5 SpatiallyLoaded:true EditorBounds:IsValid=true, Min=(X=-0.000 Y=100.000 Z=0.000), Max=(X=100.000 Y=3400.000 Z=400.000) RuntimeBounds:IsValid=true, Min=(X=-0.000 Y=100.000 Z=0.000), Max=(X=100.000 Y=3400.000 Z=400.000) RuntimeGrid:None EditorOnly:false RuntimeOnly:false HLODRelevant:true ListedInSceneOutliner:true IsMainWorldOnly:false FolderPath:Playground FolderGuid:6C02BB504B69D1F3D7A624B130C18E5B
 |   |   |- Guid:90B7B8D3420C2EABA931D3A6A69DF696 NativeClass:/Script/Engine.StaticMeshActor Name:StaticMeshActor_3 Label:SM_Cube2 SpatiallyLoaded:true EditorBounds:IsValid=true, Min=(X=0.000 Y=0.000 Z=0.000), Max=(X=3000.000 Y=100.000 Z=400.000) RuntimeBounds:IsValid=true, Min=(X=0.000 Y=0.000 Z=0.000), Max=(X=3000.000 Y=100.000 Z=400.000) RuntimeGrid:None EditorOnly:false RuntimeOnly:false HLODRelevant:true ListedInSceneOutliner:true IsMainWorldOnly:false FolderPath:Playground FolderGuid:6C02BB504B69D1F3D7A624B130C18E5B
 |   |   |- Guid:9DC84C684BD2AB58BF35468B57321585 NativeClass:/Script/NavigationSystem.RecastNavMesh Name:RecastNavMesh_UAID_004E01BD4229FAA302-Default Label:RecastNavMesh-Default SpatiallyLoaded:false EditorBounds:IsValid=true, Min=(X=0.000 Y=0.000 Z=0.000), Max=(X=0.000 Y=0.000 Z=0.000) RuntimeBounds:IsValid=true, Min=(X=0.000 Y=0.000 Z=0.000), Max=(X=0.000 Y=0.000 Z=0.000) RuntimeGrid:None EditorOnly:false RuntimeOnly:false HLODRelevant:false ListedInSceneOutliner:true IsMainWorldOnly:false
 |   |   |- Guid:A354B1B24E617A525DC6B48CCDE2417E NativeClass:/Script/Engine.PlayerStart Name:PlayerStart_0 Label:PlayerStart SpatiallyLoaded:false EditorBounds:IsValid=true, Min=(X=182.000 Y=162.000 Z=-35.987), Max=(X=550.000 Y=418.000 Z=220.013) RuntimeBounds:IsValid=true, Min=(X=270.000 Y=250.000 Z=0.013), Max=(X=350.000 Y=330.000 Z=184.013) RuntimeGrid:None EditorOnly:false RuntimeOnly:false HLODRelevant:false ListedInSceneOutliner:true IsMainWorldOnly:false
 |   |   |- Guid:AAB792F74812BC1CCC22439742771C38 BaseClass:/Game/enemyai.enemyai_C NativeClass:/Script/Engine.Character Name:enemyai_C_UAID_004E01BD4229FAA302_1097282623 Label:enemyai SpatiallyLoaded:true EditorBounds:IsValid=true, Min=(X=2217.112 Y=1722.740 Z=0.000), Max=(X=2534.960 Y=1955.175 Z=240.063) RuntimeBounds:IsValid=true, Min=(X=2411.264 Y=1831.846 Z=0.000), Max=(X=2534.960 Y=1923.578 Z=240.063) RuntimeGrid:None EditorOnly:false RuntimeOnly:false HLODRelevant:false ListedInSceneOutliner:true IsMainWorldOnly:false
 |   |   |- Guid:C0C56B9644AE3D40CAFF6A878DB29844 NativeClass:/Script/Engine.StaticMeshActor Name:StaticMeshActor_UAID_A4AE111137DC5EFB00_2001720423 Label:SM_SkySphere SpatiallyLoaded:false EditorBounds:IsValid=true, Min=(X=-1638400.000 Y=-1638400.000 Z=-1638400.000), Max=(X=1638400.000 Y=1638400.000 Z=1638400.000) RuntimeBounds:IsValid=true, Min=(X=-1638400.000 Y=-1638400.000 Z=-1638400.000), Max=(X=1638400.000 Y=1638400.000 Z=1638400.000) RuntimeGrid:None EditorOnly:false RuntimeOnly:false HLODRelevant:true ListedInSceneOutliner:true IsMainWorldOnly:false FolderPath:Lighting FolderGuid:0BA5F0A04EADB18E70D5B180D08FA34B
 |   |   |- Guid:C22CE07C4B87D685137FDBBC10FC92C6 NativeClass:/Script/Engine.SkyAtmosphere Name:SkyAtmosphere_0 Label:SkyAtmosphere SpatiallyLoaded:false EditorBounds:IsValid=true, Min=(X=0.000 Y=0.000 Z=1020.000), Max=(X=0.000 Y=0.000 Z=1020.000) RuntimeBounds:IsValid=true, Min=(X=0.000 Y=0.000 Z=1020.000), Max=(X=0.000 Y=0.000 Z=1020.000) RuntimeGrid:None EditorOnly:false RuntimeOnly:false HLODRelevant:false ListedInSceneOutliner:true IsMainWorldOnly:false FolderPath:Lighting FolderGuid:0BA5F0A04EADB18E70D5B180D08FA34B
 |   |   |- Guid:CE8D82634660FCDB3120E2B8D547C533 NativeClass:/Script/Engine.PostProcessVolume Name:PostProcessVolume_0 Label:PostProcessVolume SpatiallyLoaded:false EditorBounds:IsValid=true, Min=(X=0.000 Y=0.000 Z=400.000), Max=(X=200.000 Y=200.000 Z=600.000) RuntimeBounds:IsValid=true, Min=(X=0.000 Y=0.000 Z=400.000), Max=(X=200.000 Y=200.000 Z=600.000) RuntimeGrid:None EditorOnly:false RuntimeOnly:false HLODRelevant:false ListedInSceneOutliner:true IsMainWorldOnly:false FolderPath:Lighting FolderGuid:0BA5F0A04EADB18E70D5B180D08FA34B
 |   |   |- Guid:D9ECAEC647CF4CEF0C865C8BD02557C8 BaseClass:/Game/waypoint.waypoint_C NativeClass:/Script/Engine.Actor Name:waypoint_C_UAID_004E01BD4229FAA302_1562436630 Label:waypoint5 SpatiallyLoaded:true EditorBounds:IsValid=true, Min=(X=1250.000 Y=920.000 Z=30.000), Max=(X=1250.000 Y=920.000 Z=30.000) RuntimeBounds:IsValid=true, Min=(X=1250.000 Y=920.000 Z=30.000), Max=(X=1250.000 Y=920.000 Z=30.000) RuntimeGrid:None EditorOnly:false RuntimeOnly:false HLODRelevant:false ListedInSceneOutliner:true IsMainWorldOnly:false
 |   |   |- Guid:E5320C1B4FD9764CE7B54D8487AEC613 NativeClass:/Script/Engine.SkyLight Name:SkyLight_0 Label:SkyLight SpatiallyLoaded:false EditorBounds:IsValid=true, Min=(X=0.000 Y=0.000 Z=690.000), Max=(X=0.000 Y=0.000 Z=690.000) RuntimeBounds:IsValid=true, Min=(X=0.000 Y=0.000 Z=690.000), Max=(X=0.000 Y=0.000 Z=690.000) RuntimeGrid:None EditorOnly:false RuntimeOnly:false HLODRelevant:false ListedInSceneOutliner:true IsMainWorldOnly:false FolderPath:Lighting FolderGuid:0BA5F0A04EADB18E70D5B180D08FA34B
 |   |   |- Guid:EE66F4454A4A9F99393F559AB739C05E BaseClass:/Game/FirstPerson/Blueprints/BP_Pickup_Rifle.BP_Pickup_Rifle_C NativeClass:/Script/Engine.Actor Name:BP_Rifle_C_1 Label:BP_Pickup_Rifle SpatiallyLoaded:true EditorBounds:IsValid=true, Min=(X=478.000 Y=218.000 Z=64.000), Max=(X=542.000 Y=307.440 Z=128.000) RuntimeBounds:IsValid=true, Min=(X=478.000 Y=218.000 Z=64.000), Max=(X=542.000 Y=307.440 Z=128.000) RuntimeGrid:None EditorOnly:false RuntimeOnly:false HLODRelevant:false ListedInSceneOutliner:true IsMainWorldOnly:false
 |   |   |- Guid:F07F1AF64C7C7C238EE1B4BF8C122DD8 NativeClass:/Script/Engine.StaticMeshActor Name:StaticMeshActor_4 Label:SM_Cube3 SpatiallyLoaded:true EditorBounds:IsValid=true, Min=(X=0.000 Y=3400.000 Z=0.000), Max=(X=3000.000 Y=3500.000 Z=400.000) RuntimeBounds:IsValid=true, Min=(X=0.000 Y=3400.000 Z=0.000), Max=(X=3000.000 Y=3500.000 Z=400.000) RuntimeGrid:None EditorOnly:false RuntimeOnly:false HLODRelevant:true ListedInSceneOutliner:true IsMainWorldOnly:false FolderPath:Playground FolderGuid:6C02BB504B69D1F3D7A624B130C18E5B
 |   |   |- Guid:F80621C9446867154938FE81375207DA NativeClass:/Script/Engine.DirectionalLight Name:DirectionalLight_1 Label:DirectionalLight SpatiallyLoaded:false EditorBounds:IsValid=true, Min=(X=-1048576.000 Y=-1048576.000 Z=-1048576.000), Max=(X=1048576.000 Y=1048576.000 Z=1048576.000) RuntimeBounds:IsValid=true, Min=(X=-1048576.000 Y=-1048576.000 Z=-1048576.000), Max=(X=1048576.000 Y=1048576.000 Z=1048576.000) RuntimeGrid:None EditorOnly:false RuntimeOnly:false HLODRelevant:false ListedInSceneOutliner:true IsMainWorldOnly:false FolderPath:Lighting FolderGuid:0BA5F0A04EADB18E70D5B180D08FA34B
 |   |   |- Guid:FA139D1B4A624ABFFBB5D2ABAF5136B3 NativeClass:/Script/Engine.StaticMeshActor Name:StaticMeshActor_UAID_004E01BD422900A402_1204254689 Label:SM_Cube10 SpatiallyLoaded:true EditorBounds:IsValid=true, Min=(X=1810.000 Y=2210.000 Z=0.000), Max=(X=2910.000 Y=2310.000 Z=400.000) RuntimeBounds:IsValid=true, Min=(X=1810.000 Y=2210.000 Z=0.000), Max=(X=2910.000 Y=2310.000 Z=400.000) RuntimeGrid:None EditorOnly:false RuntimeOnly:false HLODRelevant:true ListedInSceneOutliner:true IsMainWorldOnly:false FolderPath:Block04 FolderGuid:D00C3F324D055BED943FA6B0235C7FA2
 |   |- [+] Clusters:
 |   |   |- [+] [  0]
 |   |   |   |- Guid:00A150A248902DEAF31730B42A10C94B BaseClass:/Game/waypoint.waypoint_C NativeClass:/Script/Engine.Actor Name:waypoint_C_UAID_004E01BD4229FAA302_1514457626 Label:waypoint SpatiallyLoaded:true EditorBounds:IsValid=true, Min=(X=2240.000 Y=1570.000 Z=40.000), Max=(X=2240.000 Y=1570.000 Z=40.000) RuntimeBounds:IsValid=true, Min=(X=2240.000 Y=1570.000 Z=40.000), Max=(X=2240.000 Y=1570.000 Z=40.000) RuntimeGrid:None EditorOnly:false RuntimeOnly:false HLODRelevant:false ListedInSceneOutliner:true IsMainWorldOnly:false
 |   |   |   |- Guid:0C5159D444C3AB87F2E02693572C0AEC BaseClass:/Game/waypoint.waypoint_C NativeClass:/Script/Engine.Actor Name:waypoint_C_UAID_004E01BD4229FAA302_1544715628 Label:waypoint3 SpatiallyLoaded:true EditorBounds:IsValid=true, Min=(X=1680.000 Y=1280.000 Z=40.000), Max=(X=1680.000 Y=1280.000 Z=40.000) RuntimeBounds:IsValid=true, Min=(X=1680.000 Y=1280.000 Z=40.000), Max=(X=1680.000 Y=1280.000 Z=40.000) RuntimeGrid:None EditorOnly:false RuntimeOnly:false HLODRelevant:false ListedInSceneOutliner:true IsMainWorldOnly:false
 |   |   |   |- Guid:348AFF3C4D04D70413824C97933C4113 BaseClass:/Game/waypoint.waypoint_C NativeClass:/Script/Engine.Actor Name:waypoint_C_UAID_004E01BD4229FAA302_1525519627 Label:waypoint2 SpatiallyLoaded:true EditorBounds:IsValid=true, Min=(X=1960.000 Y=1300.000 Z=30.000), Max=(X=1960.000 Y=1300.000 Z=30.000) RuntimeBounds:IsValid=true, Min=(X=1960.000 Y=1300.000 Z=30.000), Max=(X=1960.000 Y=1300.000 Z=30.000) RuntimeGrid:None EditorOnly:false RuntimeOnly:false HLODRelevant:false ListedInSceneOutliner:true IsMainWorldOnly:false
 |   |   |   |- Guid:449C192B4572F05BC348399C302FCC68 BaseClass:/Game/waypoint.waypoint_C NativeClass:/Script/Engine.Actor Name:waypoint_C_UAID_004E01BD4229FFA302_1895992511 Label:waypoint6 SpatiallyLoaded:true EditorBounds:IsValid=true, Min=(X=1030.000 Y=670.000 Z=30.000), Max=(X=1030.000 Y=670.000 Z=30.000) RuntimeBounds:IsValid=true, Min=(X=1030.000 Y=670.000 Z=30.000), Max=(X=1030.000 Y=670.000 Z=30.000) RuntimeGrid:None EditorOnly:false RuntimeOnly:false HLODRelevant:false ListedInSceneOutliner:true IsMainWorldOnly:false
 |   |   |   |- Guid:77D3C7AC46456187980AA881B705F80C BaseClass:/Game/waypoint.waypoint_C NativeClass:/Script/Engine.Actor Name:waypoint_C_UAID_004E01BD4229FAA302_1553330629 Label:waypoint4 SpatiallyLoaded:true EditorBounds:IsValid=true, Min=(X=1540.000 Y=970.000 Z=30.000), Max=(X=1540.000 Y=970.000 Z=30.000) RuntimeBounds:IsValid=true, Min=(X=1540.000 Y=970.000 Z=30.000), Max=(X=1540.000 Y=970.000 Z=30.000) RuntimeGrid:None EditorOnly:false RuntimeOnly:false HLODRelevant:false ListedInSceneOutliner:true IsMainWorldOnly:false
 |   |   |   |- Guid:AAB792F74812BC1CCC22439742771C38 BaseClass:/Game/enemyai.enemyai_C NativeClass:/Script/Engine.Character Name:enemyai_C_UAID_004E01BD4229FAA302_1097282623 Label:enemyai SpatiallyLoaded:true EditorBounds:IsValid=true, Min=(X=2217.112 Y=1722.740 Z=0.000), Max=(X=2534.960 Y=1955.175 Z=240.063) RuntimeBounds:IsValid=true, Min=(X=2411.264 Y=1831.846 Z=0.000), Max=(X=2534.960 Y=1923.578 Z=240.063) RuntimeGrid:None EditorOnly:false RuntimeOnly:false HLODRelevant:false ListedInSceneOutliner:true IsMainWorldOnly:false
 |   |   |   |- Guid:D9ECAEC647CF4CEF0C865C8BD02557C8 BaseClass:/Game/waypoint.waypoint_C NativeClass:/Script/Engine.Actor Name:waypoint_C_UAID_004E01BD4229FAA302_1562436630 Label:waypoint5 SpatiallyLoaded:true EditorBounds:IsValid=true, Min=(X=1250.000 Y=920.000 Z=30.000), Max=(X=1250.000 Y=920.000 Z=30.000) RuntimeBounds:IsValid=true, Min=(X=1250.000 Y=920.000 Z=30.000), Max=(X=1250.000 Y=920.000 Z=30.000) RuntimeGrid:None EditorOnly:false RuntimeOnly:false HLODRelevant:false ListedInSceneOutliner:true IsMainWorldOnly:false
 |   |   |- [+] [  1]
 |   |   |   |- Guid:0EDB289B45CB7E0977A6DBA74201EE76 NativeClass:/Script/Engine.StaticMeshActor Name:StaticMeshActor_10 Label:SM_Cube6 SpatiallyLoaded:true EditorBounds:IsValid=true, Min=(X=2900.000 Y=100.000 Z=0.000), Max=(X=3000.000 Y=3400.000 Z=400.000) RuntimeBounds:IsValid=true, Min=(X=2900.000 Y=100.000 Z=0.000), Max=(X=3000.000 Y=3400.000 Z=400.000) RuntimeGrid:None EditorOnly:false RuntimeOnly:false HLODRelevant:true ListedInSceneOutliner:true IsMainWorldOnly:false FolderPath:Playground FolderGuid:6C02BB504B69D1F3D7A624B130C18E5B
 |   |   |- [+] [  2]
 |   |   |   |- Guid:21262252453B37957EF29F82ABA2413B NativeClass:/Script/Engine.TextRenderActor Name:TextRenderActor_1 Label:TextRenderActor SpatiallyLoaded:true EditorBounds:IsValid=true, Min=(X=-0.100 Y=1100.000 Z=65.013), Max=(X=-0.100 Y=2363.461 Z=215.013) RuntimeBounds:IsValid=true, Min=(X=-0.100 Y=1100.000 Z=65.013), Max=(X=-0.100 Y=2363.461 Z=215.013) RuntimeGrid:None EditorOnly:false RuntimeOnly:false HLODRelevant:false ListedInSceneOutliner:true IsMainWorldOnly:false
 |   |   |- [+] [  3]
 |   |   |   |- Guid:54C7624E4D7409E5BAB9EEBE1ABB7E10 NativeClass:/Script/Engine.StaticMeshActor Name:StaticMeshActor_UAID_004E01BD422900A402_1161455688 Label:SM_Cube9 SpatiallyLoaded:true EditorBounds:IsValid=true, Min=(X=2120.000 Y=100.000 Z=0.000), Max=(X=2220.000 Y=1200.000 Z=400.000) RuntimeBounds:IsValid=true, Min=(X=2120.000 Y=100.000 Z=0.000), Max=(X=2220.000 Y=1200.000 Z=400.000) RuntimeGrid:None EditorOnly:false RuntimeOnly:false HLODRelevant:true ListedInSceneOutliner:true IsMainWorldOnly:false FolderPath:Block04 FolderGuid:D00C3F324D055BED943FA6B0235C7FA2
 |   |   |- [+] [  4]
 |   |   |   |- Guid:5FE7584649BB6F09265329A6C57CFD0D NativeClass:/Script/Engine.VolumetricCloud Name:VolumetricCloud_0 Label:VolumetricCloud SpatiallyLoaded:false EditorBounds:IsValid=true, Min=(X=0.000 Y=0.000 Z=820.000), Max=(X=0.000 Y=0.000 Z=820.000) RuntimeBounds:IsValid=true, Min=(X=0.000 Y=0.000 Z=820.000), Max=(X=0.000 Y=0.000 Z=820.000) RuntimeGrid:None EditorOnly:false RuntimeOnly:false HLODRelevant:false ListedInSceneOutliner:true IsMainWorldOnly:false FolderPath:Lighting FolderGuid:0BA5F0A04EADB18E70D5B180D08FA34B
 |   |   |- [+] [  5]
 |   |   |   |- Guid:61391D344900612A77DFC3BA3E354907 NativeClass:/Script/Engine.ExponentialHeightFog Name:ExponentialHeightFog_0 Label:ExponentialHeightFog SpatiallyLoaded:false EditorBounds:IsValid=true, Min=(X=-5600.000 Y=-50.000 Z=-6850.000), Max=(X=-5600.000 Y=-50.000 Z=-6850.000) RuntimeBounds:IsValid=true, Min=(X=-5600.000 Y=-50.000 Z=-6850.000), Max=(X=-5600.000 Y=-50.000 Z=-6850.000) RuntimeGrid:None EditorOnly:false RuntimeOnly:false HLODRelevant:false ListedInSceneOutliner:true IsMainWorldOnly:false FolderPath:Lighting FolderGuid:0BA5F0A04EADB18E70D5B180D08FA34B
 |   |   |- [+] [  6]
 |   |   |   |- Guid:67B58939413962B6E7134486783CB3D1 NativeClass:/Script/NavigationSystem.NavMeshBoundsVolume Name:NavMeshBoundsVolume_UAID_004E01BD4229FAA302_1142411624 Label:NavMeshBoundsVolume SpatiallyLoaded:false EditorBounds:IsValid=true, Min=(X=-80.000 Y=130.000 Z=-5.000), Max=(X=3120.000 Y=3330.000 Z=745.000) RuntimeBounds:IsValid=true, Min=(X=-80.000 Y=130.000 Z=-5.000), Max=(X=3120.000 Y=3330.000 Z=745.000) RuntimeGrid:None EditorOnly:false RuntimeOnly:false HLODRelevant:false ListedInSceneOutliner:true IsMainWorldOnly:false
 |   |   |- [+] [  7]
 |   |   |   |- Guid:6FEFB3BD4EB37B849EF0D4AC80F83855 NativeClass:/Script/Engine.WorldDataLayers Name:WorldDataLayers Label:WorldDataLayers SpatiallyLoaded:false EditorBounds:IsValid=true, Min=(X=0.000 Y=0.000 Z=0.000), Max=(X=0.000 Y=0.000 Z=0.000) RuntimeBounds:IsValid=true, Min=(X=0.000 Y=0.000 Z=0.000), Max=(X=0.000 Y=0.000 Z=0.000) RuntimeGrid:None EditorOnly:false RuntimeOnly:false HLODRelevant:false ListedInSceneOutliner:true IsMainWorldOnly:true
 |   |   |- [+] [  8]
 |   |   |   |- Guid:78CAF7514C7533F30BD2F19A017AAB65 NativeClass:/Script/Engine.StaticMeshActor Name:StaticMeshActor_0 Label:SM_Cube SpatiallyLoaded:true EditorBounds:IsValid=true, Min=(X=0.000 Y=0.000 Z=-50.000), Max=(X=3000.000 Y=3500.000 Z=0.000) RuntimeBounds:IsValid=true, Min=(X=0.000 Y=0.000 Z=-50.000), Max=(X=3000.000 Y=3500.000 Z=0.000) RuntimeGrid:None EditorOnly:false RuntimeOnly:false HLODRelevant:true ListedInSceneOutliner:true IsMainWorldOnly:false FolderPath:Playground FolderGuid:6C02BB504B69D1F3D7A624B130C18E5B
 |   |   |- [+] [  9]
 |   |   |   |- Guid:81A6660446858C2FE2EFF59E01B74244 NativeClass:/Script/Engine.StaticMeshActor Name:StaticMeshActor_UAID_004E01BD422900A402_1228300690 Label:SM_Cube11 SpatiallyLoaded:true EditorBounds:IsValid=true, Min=(X=980.000 Y=2310.000 Z=0.000), Max=(X=1080.000 Y=3410.000 Z=400.000) RuntimeBounds:IsValid=true, Min=(X=980.000 Y=2310.000 Z=0.000), Max=(X=1080.000 Y=3410.000 Z=400.000) RuntimeGrid:None EditorOnly:false RuntimeOnly:false HLODRelevant:true ListedInSceneOutliner:true IsMainWorldOnly:false FolderPath:Block04 FolderGuid:D00C3F324D055BED943FA6B0235C7FA2
 |   |   |- [+] [ 10]
 |   |   |   |- Guid:82636DFB499224D215E466A53C353A57 NativeClass:/Script/Engine.StaticMeshActor Name:StaticMeshActor_12 Label:SM_Cube8 SpatiallyLoaded:true EditorBounds:IsValid=true, Min=(X=100.000 Y=1670.000 Z=0.000), Max=(X=1200.000 Y=1770.000 Z=400.000) RuntimeBounds:IsValid=true, Min=(X=100.000 Y=1670.000 Z=0.000), Max=(X=1200.000 Y=1770.000 Z=400.000) RuntimeGrid:None EditorOnly:false RuntimeOnly:false HLODRelevant:true ListedInSceneOutliner:true IsMainWorldOnly:false FolderPath:Block04 FolderGuid:D00C3F324D055BED943FA6B0235C7FA2
 |   |   |- [+] [ 11]
 |   |   |   |- Guid:8559D1384B14F466E8927697A36C1D78 NativeClass:/Script/Engine.StaticMeshActor Name:StaticMeshActor_9 Label:SM_Cube5 SpatiallyLoaded:true EditorBounds:IsValid=true, Min=(X=-0.000 Y=100.000 Z=0.000), Max=(X=100.000 Y=3400.000 Z=400.000) RuntimeBounds:IsValid=true, Min=(X=-0.000 Y=100.000 Z=0.000), Max=(X=100.000 Y=3400.000 Z=400.000) RuntimeGrid:None EditorOnly:false RuntimeOnly:false HLODRelevant:true ListedInSceneOutliner:true IsMainWorldOnly:false FolderPath:Playground FolderGuid:6C02BB504B69D1F3D7A624B130C18E5B
 |   |   |- [+] [ 12]
 |   |   |   |- Guid:90B7B8D3420C2EABA931D3A6A69DF696 NativeClass:/Script/Engine.StaticMeshActor Name:StaticMeshActor_3 Label:SM_Cube2 SpatiallyLoaded:true EditorBounds:IsValid=true, Min=(X=0.000 Y=0.000 Z=0.000), Max=(X=3000.000 Y=100.000 Z=400.000) RuntimeBounds:IsValid=true, Min=(X=0.000 Y=0.000 Z=0.000), Max=(X=3000.000 Y=100.000 Z=400.000) RuntimeGrid:None EditorOnly:false RuntimeOnly:false HLODRelevant:true ListedInSceneOutliner:true IsMainWorldOnly:false FolderPath:Playground FolderGuid:6C02BB504B69D1F3D7A624B130C18E5B
 |   |   |- [+] [ 13]
 |   |   |   |- Guid:9DC84C684BD2AB58BF35468B57321585 NativeClass:/Script/NavigationSystem.RecastNavMesh Name:RecastNavMesh_UAID_004E01BD4229FAA302-Default Label:RecastNavMesh-Default SpatiallyLoaded:false EditorBounds:IsValid=true, Min=(X=0.000 Y=0.000 Z=0.000), Max=(X=0.000 Y=0.000 Z=0.000) RuntimeBounds:IsValid=true, Min=(X=0.000 Y=0.000 Z=0.000), Max=(X=0.000 Y=0.000 Z=0.000) RuntimeGrid:None EditorOnly:false RuntimeOnly:false HLODRelevant:false ListedInSceneOutliner:true IsMainWorldOnly:false
 |   |   |- [+] [ 14]
 |   |   |   |- Guid:A354B1B24E617A525DC6B48CCDE2417E NativeClass:/Script/Engine.PlayerStart Name:PlayerStart_0 Label:PlayerStart SpatiallyLoaded:false EditorBounds:IsValid=true, Min=(X=182.000 Y=162.000 Z=-35.987), Max=(X=550.000 Y=418.000 Z=220.013) RuntimeBounds:IsValid=true, Min=(X=270.000 Y=250.000 Z=0.013), Max=(X=350.000 Y=330.000 Z=184.013) RuntimeGrid:None EditorOnly:false RuntimeOnly:false HLODRelevant:false ListedInSceneOutliner:true IsMainWorldOnly:false
 |   |   |- [+] [ 15]
 |   |   |   |- Guid:C0C56B9644AE3D40CAFF6A878DB29844 NativeClass:/Script/Engine.StaticMeshActor Name:StaticMeshActor_UAID_A4AE111137DC5EFB00_2001720423 Label:SM_SkySphere SpatiallyLoaded:false EditorBounds:IsValid=true, Min=(X=-1638400.000 Y=-1638400.000 Z=-1638400.000), Max=(X=1638400.000 Y=1638400.000 Z=1638400.000) RuntimeBounds:IsValid=true, Min=(X=-1638400.000 Y=-1638400.000 Z=-1638400.000), Max=(X=1638400.000 Y=1638400.000 Z=1638400.000) RuntimeGrid:None EditorOnly:false RuntimeOnly:false HLODRelevant:true ListedInSceneOutliner:true IsMainWorldOnly:false FolderPath:Lighting FolderGuid:0BA5F0A04EADB18E70D5B180D08FA34B
 |   |   |- [+] [ 16]
 |   |   |   |- Guid:C22CE07C4B87D685137FDBBC10FC92C6 NativeClass:/Script/Engine.SkyAtmosphere Name:SkyAtmosphere_0 Label:SkyAtmosphere SpatiallyLoaded:false EditorBounds:IsValid=true, Min=(X=0.000 Y=0.000 Z=1020.000), Max=(X=0.000 Y=0.000 Z=1020.000) RuntimeBounds:IsValid=true, Min=(X=0.000 Y=0.000 Z=1020.000), Max=(X=0.000 Y=0.000 Z=1020.000) RuntimeGrid:None EditorOnly:false RuntimeOnly:false HLODRelevant:false ListedInSceneOutliner:true IsMainWorldOnly:false FolderPath:Lighting FolderGuid:0BA5F0A04EADB18E70D5B180D08FA34B
 |   |   |- [+] [ 17]
 |   |   |   |- Guid:CE8D82634660FCDB3120E2B8D547C533 NativeClass:/Script/Engine.PostProcessVolume Name:PostProcessVolume_0 Label:PostProcessVolume SpatiallyLoaded:false EditorBounds:IsValid=true, Min=(X=0.000 Y=0.000 Z=400.000), Max=(X=200.000 Y=200.000 Z=600.000) RuntimeBounds:IsValid=true, Min=(X=0.000 Y=0.000 Z=400.000), Max=(X=200.000 Y=200.000 Z=600.000) RuntimeGrid:None EditorOnly:false RuntimeOnly:false HLODRelevant:false ListedInSceneOutliner:true IsMainWorldOnly:false FolderPath:Lighting FolderGuid:0BA5F0A04EADB18E70D5B180D08FA34B
 |   |   |- [+] [ 18]
 |   |   |   |- Guid:E5320C1B4FD9764CE7B54D8487AEC613 NativeClass:/Script/Engine.SkyLight Name:SkyLight_0 Label:SkyLight SpatiallyLoaded:false EditorBounds:IsValid=true, Min=(X=0.000 Y=0.000 Z=690.000), Max=(X=0.000 Y=0.000 Z=690.000) RuntimeBounds:IsValid=true, Min=(X=0.000 Y=0.000 Z=690.000), Max=(X=0.000 Y=0.000 Z=690.000) RuntimeGrid:None EditorOnly:false RuntimeOnly:false HLODRelevant:false ListedInSceneOutliner:true IsMainWorldOnly:false FolderPath:Lighting FolderGuid:0BA5F0A04EADB18E70D5B180D08FA34B
 |   |   |- [+] [ 19]
 |   |   |   |- Guid:EE66F4454A4A9F99393F559AB739C05E BaseClass:/Game/FirstPerson/Blueprints/BP_Pickup_Rifle.BP_Pickup_Rifle_C NativeClass:/Script/Engine.Actor Name:BP_Rifle_C_1 Label:BP_Pickup_Rifle SpatiallyLoaded:true EditorBounds:IsValid=true, Min=(X=478.000 Y=218.000 Z=64.000), Max=(X=542.000 Y=307.440 Z=128.000) RuntimeBounds:IsValid=true, Min=(X=478.000 Y=218.000 Z=64.000), Max=(X=542.000 Y=307.440 Z=128.000) RuntimeGrid:None EditorOnly:false RuntimeOnly:false HLODRelevant:false ListedInSceneOutliner:true IsMainWorldOnly:false
 |   |   |- [+] [ 20]
 |   |   |   |- Guid:F07F1AF64C7C7C238EE1B4BF8C122DD8 NativeClass:/Script/Engine.StaticMeshActor Name:StaticMeshActor_4 Label:SM_Cube3 SpatiallyLoaded:true EditorBounds:IsValid=true, Min=(X=0.000 Y=3400.000 Z=0.000), Max=(X=3000.000 Y=3500.000 Z=400.000) RuntimeBounds:IsValid=true, Min=(X=0.000 Y=3400.000 Z=0.000), Max=(X=3000.000 Y=3500.000 Z=400.000) RuntimeGrid:None EditorOnly:false RuntimeOnly:false HLODRelevant:true ListedInSceneOutliner:true IsMainWorldOnly:false FolderPath:Playground FolderGuid:6C02BB504B69D1F3D7A624B130C18E5B
 |   |   |- [+] [ 21]
 |   |   |   |- Guid:F80621C9446867154938FE81375207DA NativeClass:/Script/Engine.DirectionalLight Name:DirectionalLight_1 Label:DirectionalLight SpatiallyLoaded:false EditorBounds:IsValid=true, Min=(X=-1048576.000 Y=-1048576.000 Z=-1048576.000), Max=(X=1048576.000 Y=1048576.000 Z=1048576.000) RuntimeBounds:IsValid=true, Min=(X=-1048576.000 Y=-1048576.000 Z=-1048576.000), Max=(X=1048576.000 Y=1048576.000 Z=1048576.000) RuntimeGrid:None EditorOnly:false RuntimeOnly:false HLODRelevant:false ListedInSceneOutliner:true IsMainWorldOnly:false FolderPath:Lighting FolderGuid:0BA5F0A04EADB18E70D5B180D08FA34B
 |   |   |- [+] [ 22]
 |   |   |   |- Guid:FA139D1B4A624ABFFBB5D2ABAF5136B3 NativeClass:/Script/Engine.StaticMeshActor Name:StaticMeshActor_UAID_004E01BD422900A402_1204254689 Label:SM_Cube10 SpatiallyLoaded:true EditorBounds:IsValid=true, Min=(X=1810.000 Y=2210.000 Z=0.000), Max=(X=2910.000 Y=2310.000 Z=400.000) RuntimeBounds:IsValid=true, Min=(X=1810.000 Y=2210.000 Z=0.000), Max=(X=2910.000 Y=2310.000 Z=400.000) RuntimeGrid:None EditorOnly:false RuntimeOnly:false HLODRelevant:true ListedInSceneOutliner:true IsMainWorldOnly:false FolderPath:Block04 FolderGuid:D00C3F324D055BED943FA6B0235C7FA2
 |- ContainerInstances:
 |- [+] MainContainer:
 |   |-        ID: 00000000000000000000000000000000
 |   |-  ParentID: 00000000000000000000000000000000
 |   |-    Bounds: IsValid=false, Min=(X=0.000 Y=0.000 Z=0.000), Max=(X=0.000 Y=0.000 Z=0.000)
 |   |- Transform: 0.000000,0.000000,0.000000|0.000000,0.000000,-0.000000|1.000000,1.000000,1.000000
 |   |- Container: /Game/FirstPerson/Maps/FirstPersonMap
----------------------------------------------------------------------------------------------------------------
FirstPersonMap - Persistent Level
----------------------------------------------------------------------------------------------------------------
[+] Content of FirstPersonMap Persistent Level
 |- Always loaded Actor Count: 29 
 |- Actor Path: /Game/FirstPerson/Maps/FirstPersonMap.FirstPersonMap:PersistentLevel.BP_Rifle_C_1
 |- Actor Package: /Game/__ExternalActors__/FirstPerson/Maps/FirstPersonMap/5/8C/EAHCBN229IT8APJO305AH5
 |- Actor Path: /Game/FirstPerson/Maps/FirstPersonMap.FirstPersonMap:PersistentLevel.DirectionalLight_1
 |- Actor Package: /Game/__ExternalActors__/FirstPerson/Maps/FirstPersonMap/0/WB/V4ALNTJYOVWM8BU452CKV5
 |- Actor Path: /Game/FirstPerson/Maps/FirstPersonMap.FirstPersonMap:PersistentLevel.enemyai_C_UAID_004E01BD4229FAA302_1097282623
 |- Actor Package: /Game/__ExternalActors__/FirstPerson/Maps/FirstPersonMap/9/AS/6SGHS2W4M3YJ5ZMIH7IAJ2
 |- Actor Path: /Game/FirstPerson/Maps/FirstPersonMap.FirstPersonMap:PersistentLevel.ExponentialHeightFog_0
 |- Actor Package: /Game/__ExternalActors__/FirstPerson/Maps/FirstPersonMap/0/CL/381LM03PFI8AF9NED1SEV2
 |- Actor Path: /Game/FirstPerson/Maps/FirstPersonMap.FirstPersonMap:PersistentLevel.NavMeshBoundsVolume_UAID_004E01BD4229FAA302_1142411624
 |- Actor Package: /Game/__ExternalActors__/FirstPerson/Maps/FirstPersonMap/5/TU/ANIJON6D0FK0ILXV1CMLMT
 |- Actor Path: /Game/FirstPerson/Maps/FirstPersonMap.FirstPersonMap:PersistentLevel.PlayerStart_0
 |- Actor Package: /Game/__ExternalActors__/FirstPerson/Maps/FirstPersonMap/8/Z7/W1SXRCM1KAKBJOIZDLHZ47
 |- Actor Path: /Game/FirstPerson/Maps/FirstPersonMap.FirstPersonMap:PersistentLevel.PostProcessVolume_0
 |- Actor Package: /Game/__ExternalActors__/FirstPerson/Maps/FirstPersonMap/E/MX/R1GV431P5FDO08OFULRA01
 |- Actor Path: /Game/FirstPerson/Maps/FirstPersonMap.FirstPersonMap:PersistentLevel.RecastNavMesh_UAID_004E01BD4229FAA302-Default
 |- Actor Package: /Game/__ExternalActors__/FirstPerson/Maps/FirstPersonMap/A/FL/K6Y7GOU6UAN9K9WDXSGYKH
 |- Actor Path: /Game/FirstPerson/Maps/FirstPersonMap.FirstPersonMap:PersistentLevel.SkyAtmosphere_0
 |- Actor Package: /Game/__ExternalActors__/FirstPerson/Maps/FirstPersonMap/C/VO/VMN4G7K3NKKV6F8HTPHHDB
 |- Actor Path: /Game/FirstPerson/Maps/FirstPersonMap.FirstPersonMap:PersistentLevel.SkyLight_0
 |- Actor Package: /Game/__ExternalActors__/FirstPerson/Maps/FirstPersonMap/6/0Z/5RQIHCZ9W3UXRGL4LTLQAK
 |- Actor Path: /Game/FirstPerson/Maps/FirstPersonMap.FirstPersonMap:PersistentLevel.StaticMeshActor_0
 |- Actor Package: /Game/__ExternalActors__/FirstPerson/Maps/FirstPersonMap/7/L5/1ZJ54FMA0DAL3I2Q8RFAIB
 |- Actor Path: /Game/FirstPerson/Maps/FirstPersonMap.FirstPersonMap:PersistentLevel.StaticMeshActor_10
 |- Actor Package: /Game/__ExternalActors__/FirstPerson/Maps/FirstPersonMap/A/XJ/HL558UUAGCS9HVVOI0S7PX
 |- Actor Path: /Game/FirstPerson/Maps/FirstPersonMap.FirstPersonMap:PersistentLevel.StaticMeshActor_12
 |- Actor Package: /Game/__ExternalActors__/FirstPerson/Maps/FirstPersonMap/1/63/MG6FOV6QQX2CAZCGF7O9MM
 |- Actor Path: /Game/FirstPerson/Maps/FirstPersonMap.FirstPersonMap:PersistentLevel.StaticMeshActor_3
 |- Actor Package: /Game/__ExternalActors__/FirstPerson/Maps/FirstPersonMap/3/AI/0XWE3RNM2XQC0ST1KXG02O
 |- Actor Path: /Game/FirstPerson/Maps/FirstPersonMap.FirstPersonMap:PersistentLevel.StaticMeshActor_4
 |- Actor Package: /Game/__ExternalActors__/FirstPerson/Maps/FirstPersonMap/6/AJ/2XZ3RUK0LFB63FVNQE7P5R
 |- Actor Path: /Game/FirstPerson/Maps/FirstPersonMap.FirstPersonMap:PersistentLevel.StaticMeshActor_9
 |- Actor Package: /Game/__ExternalActors__/FirstPerson/Maps/FirstPersonMap/E/UE/YUZ9741T50O1SYRX90OB0S
 |- Actor Path: /Game/FirstPerson/Maps/FirstPersonMap.FirstPersonMap:PersistentLevel.StaticMeshActor_UAID_004E01BD422900A402_1161455688
 |- Actor Package: /Game/__ExternalActors__/FirstPerson/Maps/FirstPersonMap/A/UB/N414C8PCZI4LP39C9SX9H0
 |- Actor Path: /Game/FirstPerson/Maps/FirstPersonMap.FirstPersonMap:PersistentLevel.StaticMeshActor_UAID_004E01BD422900A402_1204254689
 |- Actor Package: /Game/__ExternalActors__/FirstPerson/Maps/FirstPersonMap/C/F0/BG2TR3DFF58OE5TGY8BE0D
 |- Actor Path: /Game/FirstPerson/Maps/FirstPersonMap.FirstPersonMap:PersistentLevel.StaticMeshActor_UAID_004E01BD422900A402_1228300690
 |- Actor Package: /Game/__ExternalActors__/FirstPerson/Maps/FirstPersonMap/A/32/I0RBDY5C5JQEA9DP7G738A
 |- Actor Path: /Game/FirstPerson/Maps/FirstPersonMap.FirstPersonMap:PersistentLevel.StaticMeshActor_UAID_A4AE111137DC5EFB00_2001720423
 |- Actor Package: /Game/__ExternalActors__/FirstPerson/Maps/FirstPersonMap/C/ZU/PDQ0AB8RLNMVID876FD49G
 |- Actor Path: /Game/FirstPerson/Maps/FirstPersonMap.FirstPersonMap:PersistentLevel.TextRenderActor_1
 |- Actor Package: /Game/__ExternalActors__/FirstPerson/Maps/FirstPersonMap/1/RN/55P1SMQLAF7OK6300D5I8N
 |- Actor Path: /Game/FirstPerson/Maps/FirstPersonMap.FirstPersonMap:PersistentLevel.VolumetricCloud_0
 |- Actor Package: /Game/__ExternalActors__/FirstPerson/Maps/FirstPersonMap/0/GO/I8WEFD3RY9V3NVQLSU6QM4
 |- Actor Path: /Game/FirstPerson/Maps/FirstPersonMap.FirstPersonMap:PersistentLevel.waypoint_C_UAID_004E01BD4229FAA302_1514457626
 |- Actor Package: /Game/__ExternalActors__/FirstPerson/Maps/FirstPersonMap/7/VD/MV99Z3D06RP68AJ5QXT4V5
 |- Actor Path: /Game/FirstPerson/Maps/FirstPersonMap.FirstPersonMap:PersistentLevel.waypoint_C_UAID_004E01BD4229FAA302_1525519627
 |- Actor Package: /Game/__ExternalActors__/FirstPerson/Maps/FirstPersonMap/C/XT/CWE4GE6RGPYL07MYR3O1W9
 |- Actor Path: /Game/FirstPerson/Maps/FirstPersonMap.FirstPersonMap:PersistentLevel.waypoint_C_UAID_004E01BD4229FAA302_1544715628
 |- Actor Package: /Game/__ExternalActors__/FirstPerson/Maps/FirstPersonMap/E/N9/YUZ6R1FX2SLS1GGQOQGE1W
 |- Actor Path: /Game/FirstPerson/Maps/FirstPersonMap.FirstPersonMap:PersistentLevel.waypoint_C_UAID_004E01BD4229FAA302_1553330629
 |- Actor Package: /Game/__ExternalActors__/FirstPerson/Maps/FirstPersonMap/0/N3/48F8SN06E9Y2FY6MVI0X5H
 |- Actor Path: /Game/FirstPerson/Maps/FirstPersonMap.FirstPersonMap:PersistentLevel.waypoint_C_UAID_004E01BD4229FAA302_1562436630
 |- Actor Package: /Game/__ExternalActors__/FirstPerson/Maps/FirstPersonMap/9/2M/YJJNBAAVUWRN0YGMKPGQ4P
 |- Actor Path: /Game/FirstPerson/Maps/FirstPersonMap.FirstPersonMap:PersistentLevel.waypoint_C_UAID_004E01BD4229FFA302_1895992511
 |- Actor Package: /Game/__ExternalActors__/FirstPerson/Maps/FirstPersonMap/A/N9/98IK1J931N9L37PZ0CVNET
 |- Actor Path: /Game/FirstPerson/Maps/FirstPersonMap.FirstPersonMap:PersistentLevel.WorldDataLayers
 |- Actor Package: /Game/__ExternalActors__/FirstPerson/Maps/FirstPersonMap/D/0W/E1FKEGVKGOLM7HGLQPCIPO

----------------------------------------------------------------------------------------------------------------
FirstPersonMap - Runtime Hash Set
----------------------------------------------------------------------------------------------------------------

